<?xml version="1.0" encoding="UTF-8"?>
<testsuite xmlns:xsi="http://www.w3.org/2001/XMLSchema-instance" xsi:noNamespaceSchemaLocation="https://maven.apache.org/surefire/maven-surefire-plugin/xsd/surefire-test-report-3.0.xsd" version="3.0" name="runners.RunnerTest" time="113.072" tests="11" errors="1" skipped="0" failures="0">
  <properties>
[...]
</properties>
  <testcase name="To view all the front end back end apps" classname="Test the functionality to test all demo apps" time="9.647">
    <system-out><![CDATA[
Scenario: To view all the front end back end apps &amp#27;[90m# src/test/resources/Muthu_28MAR2025_DemoApps.feature:3&amp#27;[0m
  &amp#27;[32mGiven &amp#27;[0m&amp#27;[32mThe app url should be loaded properly&amp#27;[0m     &amp#27;[90m# stepDefinitions.DemoApp.the_app_url_should_be_loaded_properly()&amp#27;[0m
  &amp#27;[32mWhen &amp#27;[0m&amp#27;[32mI navigated the hover&amp#27;[0m                      &amp#27;[90m# stepDefinitions.DemoApp.i_navigated_the_hover()&amp#27;[0m
  &amp#27;[32mThen &amp#27;[0m&amp#27;[32mI can able to see all the apps&amp#27;[0m             &amp#27;[90m# stepDefinitions.DemoApp.i_can_able_to_see_all_the_apps()&amp#27;[0m
]]></system-out>
    <system-err><![CDATA[Apr 01, 2025 3:34:30 PM org.openqa.selenium.devtools.CdpVersionFinder findNearestMatch
WARNING: Unable to find an exact match for CDP version 134, returning the closest version; found: 133; Please update to a Selenium version that supports CDP version 134
Apr 01, 2025 3:34:36 PM org.openqa.selenium.remote.http.WebSocket$Listener onError
WARNING: Connection reset
java.net.SocketException: Connection reset
	at java.base/sun.nio.ch.SocketChannelImpl.throwConnectionReset(SocketChannelImpl.java:403)
	at java.base/sun.nio.ch.SocketChannelImpl.implRead(SocketChannelImpl.java:435)
	at java.base/sun.nio.ch.SocketChannelImpl.read(SocketChannelImpl.java:493)
	at java.net.http/jdk.internal.net.http.SocketTube.readAvailable(SocketTube.java:1178)
	at java.net.http/jdk.internal.net.http.SocketTube$InternalReadPublisher$InternalReadSubscription.read(SocketTube.java:841)
	at java.net.http/jdk.internal.net.http.SocketTube$SocketFlowTask.run(SocketTube.java:181)
	at java.net.http/jdk.internal.net.http.common.SequentialScheduler$SchedulableTask.run(SequentialScheduler.java:207)
	at java.net.http/jdk.internal.net.http.common.SequentialScheduler.runOrSchedule(SequentialScheduler.java:280)
	at java.net.http/jdk.internal.net.http.common.SequentialScheduler.runOrSchedule(SequentialScheduler.java:233)
	at java.net.http/jdk.internal.net.http.SocketTube$InternalReadPublisher$InternalReadSubscription.signalReadable(SocketTube.java:782)
	at java.net.http/jdk.internal.net.http.SocketTube$InternalReadPublisher$ReadEvent.signalEvent(SocketTube.java:965)
	at java.net.http/jdk.internal.net.http.SocketTube$SocketFlowEvent.handle(SocketTube.java:253)
	at java.net.http/jdk.internal.net.http.HttpClientImpl$SelectorManager.handleEvent(HttpClientImpl.java:1478)
	at java.net.http/jdk.internal.net.http.HttpClientImpl$SelectorManager.lambda$run$3(HttpClientImpl.java:1423)
	at java.base/java.util.ArrayList.forEach(ArrayList.java:1597)
	at java.net.http/jdk.internal.net.http.HttpClientImpl$SelectorManager.run(HttpClientImpl.java:1423)

]]></system-err>
  </testcase>
  <testcase name="Login with valid credentials #1" classname="Test the functionality of DemoBlaze #1" time="10.199">
    <system-out><![CDATA[
Scenario Outline: Login with valid credentials             &amp#27;[90m# src/test/resources/Muthu_28MAR2025_DemoBlazeFF.feature:14&amp#27;[0m
  &amp#27;[32mGiven &amp#27;[0m&amp#27;[32mI navigate to the login page&amp#27;[0m                       &amp#27;[90m# stepDefinitions.DemoBlazeFF.i_navigate_to_the_login_page()&amp#27;[0m
  &amp#27;[32mWhen &amp#27;[0m&amp#27;[32mI enter username &amp#27;[0m&amp#27;[32m&amp#27;[1m"muthu123"&amp#27;[0m&amp#27;[32m and password &amp#27;[0m&amp#27;[32m&amp#27;[1m"muthu123"&amp#27;[0m &amp#27;[90m# stepDefinitions.DemoBlazeFF.i_enter_username_and_password(java.lang.String,java.lang.String)&amp#27;[0m
  &amp#27;[32mAnd &amp#27;[0m&amp#27;[32mI click the login button&amp#27;[0m                             &amp#27;[90m# stepDefinitions.DemoBlazeFF.i_click_the_login_button()&amp#27;[0m
  &amp#27;[32mThen &amp#27;[0m&amp#27;[32mI can able to login&amp#27;[0m                                 &amp#27;[90m# stepDefinitions.DemoBlazeFF.i_can_able_to_login()&amp#27;[0m
]]></system-out>
    <system-err><![CDATA[Apr 01, 2025 3:34:38 PM org.openqa.selenium.devtools.CdpVersionFinder findNearestMatch
WARNING: Unable to find an exact match for CDP version 134, returning the closest version; found: 133; Please update to a Selenium version that supports CDP version 134
Apr 01, 2025 3:34:41 PM org.openqa.selenium.devtools.CdpVersionFinder findNearestMatch
WARNING: Unable to find an exact match for CDP version 134, returning the closest version; found: 133; Please update to a Selenium version that supports CDP version 134
]]></system-err>
  </testcase>
  <testcase name="Login with valid credentials #2" classname="Test the functionality of DemoBlaze #1" time="14.106">
    <system-out><![CDATA[
Scenario Outline: Login with valid credentials             &amp#27;[90m# src/test/resources/Muthu_28MAR2025_DemoBlazeFF.feature:15&amp#27;[0m
  &amp#27;[32mGiven &amp#27;[0m&amp#27;[32mI navigate to the login page&amp#27;[0m                       &amp#27;[90m# stepDefinitions.DemoBlazeFF.i_navigate_to_the_login_page()&amp#27;[0m
  &amp#27;[32mWhen &amp#27;[0m&amp#27;[32mI enter username &amp#27;[0m&amp#27;[32m&amp#27;[1m"muthu456"&amp#27;[0m&amp#27;[32m and password &amp#27;[0m&amp#27;[32m&amp#27;[1m"muthu456"&amp#27;[0m &amp#27;[90m# stepDefinitions.DemoBlazeFF.i_enter_username_and_password(java.lang.String,java.lang.String)&amp#27;[0m
  &amp#27;[32mAnd &amp#27;[0m&amp#27;[32mI click the login button&amp#27;[0m                             &amp#27;[90m# stepDefinitions.DemoBlazeFF.i_click_the_login_button()&amp#27;[0m
  &amp#27;[32mThen &amp#27;[0m&amp#27;[32mI can able to login&amp#27;[0m                                 &amp#27;[90m# stepDefinitions.DemoBlazeFF.i_can_able_to_login()&amp#27;[0m
]]></system-out>
    <system-err><![CDATA[Apr 01, 2025 3:34:48 PM org.openqa.selenium.devtools.CdpVersionFinder findNearestMatch
WARNING: Unable to find an exact match for CDP version 134, returning the closest version; found: 133; Please update to a Selenium version that supports CDP version 134
Apr 01, 2025 3:34:52 PM org.openqa.selenium.devtools.CdpVersionFinder findNearestMatch
WARNING: Unable to find an exact match for CDP version 134, returning the closest version; found: 133; Please update to a Selenium version that supports CDP version 134
]]></system-err>
  </testcase>
  <testcase name="Choosing and adding the item into the cart" classname="Test the functionality of DemoBlaze #2" time="12.052">
    <system-out><![CDATA[
Scenario: Choosing and adding the item into the cart &amp#27;[90m# src/test/resources/Muthu_28MAR2025_DemoblazePayment.feature:3&amp#27;[0m
  &amp#27;[32mGiven &amp#27;[0m&amp#27;[32mShould be logged in into the system&amp#27;[0m          &amp#27;[90m# stepDefinitions.DemoBlazePayment.should_be_logged_in_into_the_system()&amp#27;[0m
Element went stale, retrying...
  &amp#27;[32mWhen &amp#27;[0m&amp#27;[32mI select the item from list&amp#27;[0m                   &amp#27;[90m# stepDefinitions.DemoBlazePayment.i_select_the_item_from_list()&amp#27;[0m
  &amp#27;[32mAnd &amp#27;[0m&amp#27;[32mI have to add to the cart&amp#27;[0m                      &amp#27;[90m# stepDefinitions.DemoBlazePayment.i_have_to_add_to_the_cart()&amp#27;[0m
  &amp#27;[32mAnd &amp#27;[0m&amp#27;[32mI have to pay the amount for the item&amp#27;[0m          &amp#27;[90m# stepDefinitions.DemoBlazePayment.i_have_to_pay_the_amount_for_the_item()&amp#27;[0m
  &amp#27;[32mThen &amp#27;[0m&amp#27;[32mI can able to buy the product&amp#27;[0m                 &amp#27;[90m# stepDefinitions.DemoBlazePayment.i_can_able_to_buy_the_product()&amp#27;[0m
]]></system-out>
    <system-err><![CDATA[Apr 01, 2025 3:35:03 PM org.openqa.selenium.devtools.CdpVersionFinder findNearestMatch
WARNING: Unable to find an exact match for CDP version 134, returning the closest version; found: 133; Please update to a Selenium version that supports CDP version 134
]]></system-err>
  </testcase>
  <testcase name="Test the banking operations for Dropdown Notebook" classname="Test the functionality of NotebookDropdown" time="6.013">
    <system-out><![CDATA[
Scenario: Test the banking operations for Dropdown Notebook &amp#27;[90m# src/test/resources/Muthu_28MAR2025_Dropdown.feature:3&amp#27;[0m
  &amp#27;[32mGiven &amp#27;[0m&amp#27;[32mNotebook elements should be loaded properly&amp#27;[0m         &amp#27;[90m# stepDefinitions.Dropdown.notebook_elements_should_be_loaded_properly()&amp#27;[0m
  &amp#27;[32mWhen &amp#27;[0m&amp#27;[32mI have to select the Sort by dropdown&amp#27;[0m                &amp#27;[90m# stepDefinitions.Dropdown.i_have_to_select_the_sort_by_dropdown()&amp#27;[0m
  &amp#27;[32mAnd &amp#27;[0m&amp#27;[32mI have to select the Display&amp#27;[0m                          &amp#27;[90m# stepDefinitions.Dropdown.i_have_to_select_the_display()&amp#27;[0m
  &amp#27;[32mAnd &amp#27;[0m&amp#27;[32mI have to select the view as&amp#27;[0m                          &amp#27;[90m# stepDefinitions.Dropdown.i_have_to_select_the_view_as()&amp#27;[0m
Selected the dropdown menu
  &amp#27;[32mThen &amp#27;[0m&amp#27;[32mI can able to select the dropdown menu&amp#27;[0m               &amp#27;[90m# stepDefinitions.Dropdown.i_can_able_to_select_the_dropdown_menu()&amp#27;[0m
]]></system-out>
    <system-err><![CDATA[Apr 01, 2025 3:35:14 PM org.openqa.selenium.devtools.CdpVersionFinder findNearestMatch
WARNING: Unable to find an exact match for CDP version 134, returning the closest version; found: 133; Please update to a Selenium version that supports CDP version 134
]]></system-err>
  </testcase>
  <testcase name="Test the banking operations for Hover the menu" classname="Test the functionality of MenuHover" time="7.211">
    <system-out><![CDATA[
Scenario: Test the banking operations for Hover the menu &amp#27;[90m# src/test/resources/Muthu_28MAR2025_MenuHover.feature:3&amp#27;[0m
  &amp#27;[32mGiven &amp#27;[0m&amp#27;[32mMenu items should be loaded properly&amp#27;[0m             &amp#27;[90m# stepDefinitions.MenuHover.menu_items_should_be_loaded_properly()&amp#27;[0m
Hovered the menu
  &amp#27;[32mWhen &amp#27;[0m&amp#27;[32mI have to hover the menu&amp#27;[0m                          &amp#27;[90m# stepDefinitions.MenuHover.i_have_to_hover_the_menu()&amp#27;[0m
Selected the submenu
  &amp#27;[32mThen &amp#27;[0m&amp#27;[32mI can able to select the submenu&amp#27;[0m                  &amp#27;[90m# stepDefinitions.MenuHover.i_can_able_to_select_the_submenu()&amp#27;[0m
]]></system-out>
    <system-err><![CDATA[Apr 01, 2025 3:35:20 PM org.openqa.selenium.devtools.CdpVersionFinder findNearestMatch
WARNING: Unable to find an exact match for CDP version 134, returning the closest version; found: 133; Please update to a Selenium version that supports CDP version 134
]]></system-err>
  </testcase>
  <testcase name="Test the banking operations in customer Register" classname="Test the functionality of domain ParaBank" time="8.777">
    <error message="no such element: Unable to locate element: {&quot;method&quot;:&quot;xpath&quot;,&quot;selector&quot;:&quot;//a[text()=&apos;Bill Pay&apos;]&quot;}&#10;  (Session info: chrome=134.0.6998.178)&#10;For documentation on this error, please visit: https://www.selenium.dev/documentation/webdriver/troubleshooting/errors#no-such-element-exception&#10;Build info: version: &apos;4.29.0&apos;, revision: &apos;5fc1ec94cb&apos;&#10;System info: os.name: &apos;Windows 11&apos;, os.arch: &apos;amd64&apos;, os.version: &apos;10.0&apos;, java.version: &apos;23.0.2&apos;&#10;Driver info: org.openqa.selenium.chrome.ChromeDriver&#10;Command: [65d52f97c1fa5628c28161d8e4bf13e2, findElement {value=//a[text()=&apos;Bill Pay&apos;], using=xpath}]&#10;Capabilities {acceptInsecureCerts: false, browserName: chrome, browserVersion: 134.0.6998.178, chrome: {chromedriverVersion: 134.0.6998.165 (fd886e2cb29..., userDataDir: C:\Users\11666\AppData\Loca...}, fedcm:accounts: true, goog:chromeOptions: {debuggerAddress: localhost:59103}, networkConnectionEnabled: false, pageLoadStrategy: normal, platformName: windows, proxy: Proxy(), se:cdp: ws://localhost:59103/devtoo..., se:cdpVersion: 134.0.6998.178, setWindowRect: true, strictFileInteractability: false, timeouts: {implicit: 0, pageLoad: 300000, script: 30000}, unhandledPromptBehavior: dismiss and notify, webauthn:extension:credBlob: true, webauthn:extension:largeBlob: true, webauthn:extension:minPinLength: true, webauthn:extension:prf: true, webauthn:virtualAuthenticators: true}&#10;Session ID: 65d52f97c1fa5628c28161d8e4bf13e2" type="org.openqa.selenium.NoSuchElementException"><![CDATA[org.openqa.selenium.NoSuchElementException: 
no such element: Unable to locate element: {"method":"xpath","selector":"//a[text()='Bill Pay']"}
  (Session info: chrome=134.0.6998.178)
For documentation on this error, please visit: https://www.selenium.dev/documentation/webdriver/troubleshooting/errors#no-such-element-exception
Build info: version: '4.29.0', revision: '5fc1ec94cb'
System info: os.name: 'Windows 11', os.arch: 'amd64', os.version: '10.0', java.version: '23.0.2'
Driver info: org.openqa.selenium.chrome.ChromeDriver
Command: [65d52f97c1fa5628c28161d8e4bf13e2, findElement {value=//a[text()='Bill Pay'], using=xpath}]
Capabilities {acceptInsecureCerts: false, browserName: chrome, browserVersion: 134.0.6998.178, chrome: {chromedriverVersion: 134.0.6998.165 (fd886e2cb29..., userDataDir: C:\Users\11666\AppData\Loca...}, fedcm:accounts: true, goog:chromeOptions: {debuggerAddress: localhost:59103}, networkConnectionEnabled: false, pageLoadStrategy: normal, platformName: windows, proxy: Proxy(), se:cdp: ws://localhost:59103/devtoo..., se:cdpVersion: 134.0.6998.178, setWindowRect: true, strictFileInteractability: false, timeouts: {implicit: 0, pageLoad: 300000, script: 30000}, unhandledPromptBehavior: dismiss and notify, webauthn:extension:credBlob: true, webauthn:extension:largeBlob: true, webauthn:extension:minPinLength: true, webauthn:extension:prf: true, webauthn:virtualAuthenticators: true}
Session ID: 65d52f97c1fa5628c28161d8e4bf13e2
	at java.base/jdk.internal.reflect.DirectConstructorHandleAccessor.newInstance(DirectConstructorHandleAccessor.java:62)
	at java.base/java.lang.reflect.Constructor.newInstanceWithCaller(Constructor.java:501)
	at java.base/java.lang.reflect.Constructor.newInstance(Constructor.java:485)
	at org.openqa.selenium.remote.ErrorCodec.decode(ErrorCodec.java:167)
	at org.openqa.selenium.remote.codec.w3c.W3CHttpResponseCodec.decode(W3CHttpResponseCodec.java:138)
	at org.openqa.selenium.remote.codec.w3c.W3CHttpResponseCodec.decode(W3CHttpResponseCodec.java:50)
	at org.openqa.selenium.remote.HttpCommandExecutor.execute(HttpCommandExecutor.java:215)
	at org.openqa.selenium.remote.service.DriverCommandExecutor.invokeExecute(DriverCommandExecutor.java:216)
	at org.openqa.selenium.remote.service.DriverCommandExecutor.execute(DriverCommandExecutor.java:174)
	at org.openqa.selenium.remote.RemoteWebDriver.execute(RemoteWebDriver.java:545)
	at org.openqa.selenium.remote.ElementLocation$ElementFinder$2.findElement(ElementLocation.java:165)
	at org.openqa.selenium.remote.ElementLocation.findElement(ElementLocation.java:59)
	at org.openqa.selenium.remote.RemoteWebDriver.findElement(RemoteWebDriver.java:368)
	at org.openqa.selenium.remote.RemoteWebDriver.findElement(RemoteWebDriver.java:362)
	at stepDefinitions.BankBillPayment.i_enter_the_url_of_bank_domain(BankBillPayment.java:32)
	at ✽.I enter the url of bank domain(file:///C:/Users/11666/Desktop/BDD_CUCUMBER_MUTHU/src/test/resources/Muthu_28MAR2025_ParaBankBillPayment.feature:4)
]]></error>
    <system-out><![CDATA[
Scenario: Test the banking operations in customer Register &amp#27;[90m# src/test/resources/Muthu_28MAR2025_ParaBankBillPayment.feature:3&amp#27;[0m
  &amp#27;[31mGiven &amp#27;[0m&amp#27;[31mI enter the url of bank domain&amp#27;[0m                     &amp#27;[90m# stepDefinitions.BankBillPayment.i_enter_the_url_of_bank_domain()&amp#27;[0m
      &amp#27;[31morg.openqa.selenium.NoSuchElementException: no such element: Unable to locate element: {"method":"xpath","selector":"//a[text()='Bill Pay']"}
        (Session info: chrome=134.0.6998.178)
      For documentation on this error, please visit: https://www.selenium.dev/documentation/webdriver/troubleshooting/errors#no-such-element-exception
      Build info: version: '4.29.0', revision: '5fc1ec94cb'
      System info: os.name: 'Windows 11', os.arch: 'amd64', os.version: '10.0', java.version: '23.0.2'
      Driver info: org.openqa.selenium.chrome.ChromeDriver
      Command: [65d52f97c1fa5628c28161d8e4bf13e2, findElement {value=//a[text()='Bill Pay'], using=xpath}]
      Capabilities {acceptInsecureCerts: false, browserName: chrome, browserVersion: 134.0.6998.178, chrome: {chromedriverVersion: 134.0.6998.165 (fd886e2cb29..., userDataDir: C:\Users\11666\AppData\Loca...}, fedcm:accounts: true, goog:chromeOptions: {debuggerAddress: localhost:59103}, networkConnectionEnabled: false, pageLoadStrategy: normal, platformName: windows, proxy: Proxy(), se:cdp: ws://localhost:59103/devtoo..., se:cdpVersion: 134.0.6998.178, setWindowRect: true, strictFileInteractability: false, timeouts: {implicit: 0, pageLoad: 300000, script: 30000}, unhandledPromptBehavior: dismiss and notify, webauthn:extension:credBlob: true, webauthn:extension:largeBlob: true, webauthn:extension:minPinLength: true, webauthn:extension:prf: true, webauthn:virtualAuthenticators: true}
      Session ID: 65d52f97c1fa5628c28161d8e4bf13e2
      	at java.base/jdk.internal.reflect.DirectConstructorHandleAccessor.newInstance(DirectConstructorHandleAccessor.java:62)
      	at java.base/java.lang.reflect.Constructor.newInstanceWithCaller(Constructor.java:501)
      	at java.base/java.lang.reflect.Constructor.newInstance(Constructor.java:485)
      	at org.openqa.selenium.remote.ErrorCodec.decode(ErrorCodec.java:167)
      	at org.openqa.selenium.remote.codec.w3c.W3CHttpResponseCodec.decode(W3CHttpResponseCodec.java:138)
      	at org.openqa.selenium.remote.codec.w3c.W3CHttpResponseCodec.decode(W3CHttpResponseCodec.java:50)
      	at org.openqa.selenium.remote.HttpCommandExecutor.execute(HttpCommandExecutor.java:215)
      	at org.openqa.selenium.remote.service.DriverCommandExecutor.invokeExecute(DriverCommandExecutor.java:216)
      	at org.openqa.selenium.remote.service.DriverCommandExecutor.execute(DriverCommandExecutor.java:174)
      	at org.openqa.selenium.remote.RemoteWebDriver.execute(RemoteWebDriver.java:545)
      	at org.openqa.selenium.remote.ElementLocation$ElementFinder$2.findElement(ElementLocation.java:165)
      	at org.openqa.selenium.remote.ElementLocation.findElement(ElementLocation.java:59)
      	at org.openqa.selenium.remote.RemoteWebDriver.findElement(RemoteWebDriver.java:368)
      	at org.openqa.selenium.remote.RemoteWebDriver.findElement(RemoteWebDriver.java:362)
      	at stepDefinitions.BankBillPayment.i_enter_the_url_of_bank_domain(BankBillPayment.java:32)
      	at ✽.I enter the url of bank domain(file:///C:/Users/11666/Desktop/BDD_CUCUMBER_MUTHU/src/test/resources/Muthu_28MAR2025_ParaBankBillPayment.feature:4)&amp#27;[0m
  &amp#27;[36mWhen &amp#27;[0m&amp#27;[36mI enter customer details to pay&amp#27;[0m                     &amp#27;[90m# stepDefinitions.BankBillPayment.i_enter_customer_details_to_pay()&amp#27;[0m
  &amp#27;[36mThen &amp#27;[0m&amp#27;[36mI can able to pay the amount successfully&amp#27;[0m           &amp#27;[90m# stepDefinitions.BankBillPayment.i_can_able_to_pay_the_amount_successfully()&amp#27;[0m
]]></system-out>
    <system-err><![CDATA[Apr 01, 2025 3:35:27 PM org.openqa.selenium.devtools.CdpVersionFinder findNearestMatch
WARNING: Unable to find an exact match for CDP version 134, returning the closest version; found: 133; Please update to a Selenium version that supports CDP version 134
Apr 01, 2025 3:35:30 PM org.openqa.selenium.devtools.CdpVersionFinder findNearestMatch
WARNING: Unable to find an exact match for CDP version 134, returning the closest version; found: 133; Please update to a Selenium version that supports CDP version 134
]]></system-err>
  </testcase>
  <testcase name="Choosing and adding the item into the cart" classname="Test the functionality of Search book" time="16.01">
    <system-out><![CDATA[
Scenario: Choosing and adding the item into the cart &amp#27;[90m# src/test/resources/Muthu_28MAR2025_SearchBookCart.feature:3&amp#27;[0m
  &amp#27;[32mGiven &amp#27;[0m&amp#27;[32mThe url should be loaded properly&amp#27;[0m            &amp#27;[90m# stepDefinitions.SearchbookCart.the_url_should_be_loaded_properly()&amp#27;[0m
  &amp#27;[32mWhen &amp#27;[0m&amp#27;[32mI enter the book name in the search box&amp#27;[0m       &amp#27;[90m# stepDefinitions.SearchbookCart.i_enter_the_book_name_in_the_search_box()&amp#27;[0m
  &amp#27;[32mThen &amp#27;[0m&amp#27;[32mI can able to see the book&amp#27;[0m                    &amp#27;[90m# stepDefinitions.SearchbookCart.i_can_able_to_see_the_book()&amp#27;[0m
]]></system-out>
    <system-err><![CDATA[Apr 01, 2025 3:35:36 PM org.openqa.selenium.devtools.CdpVersionFinder findNearestMatch
WARNING: Unable to find an exact match for CDP version 134, returning the closest version; found: 133; Please update to a Selenium version that supports CDP version 134
Apr 01, 2025 3:35:50 PM org.openqa.selenium.remote.http.WebSocket$Listener onError
WARNING: Connection reset
java.net.SocketException: Connection reset
	at java.base/sun.nio.ch.SocketChannelImpl.throwConnectionReset(SocketChannelImpl.java:403)
	at java.base/sun.nio.ch.SocketChannelImpl.implRead(SocketChannelImpl.java:435)
	at java.base/sun.nio.ch.SocketChannelImpl.read(SocketChannelImpl.java:493)
	at java.net.http/jdk.internal.net.http.SocketTube.readAvailable(SocketTube.java:1178)
	at java.net.http/jdk.internal.net.http.SocketTube$InternalReadPublisher$InternalReadSubscription.read(SocketTube.java:841)
	at java.net.http/jdk.internal.net.http.SocketTube$SocketFlowTask.run(SocketTube.java:181)
	at java.net.http/jdk.internal.net.http.common.SequentialScheduler$SchedulableTask.run(SequentialScheduler.java:207)
	at java.net.http/jdk.internal.net.http.common.SequentialScheduler.runOrSchedule(SequentialScheduler.java:280)
	at java.net.http/jdk.internal.net.http.common.SequentialScheduler.runOrSchedule(SequentialScheduler.java:233)
	at java.net.http/jdk.internal.net.http.SocketTube$InternalReadPublisher$InternalReadSubscription.signalReadable(SocketTube.java:782)
	at java.net.http/jdk.internal.net.http.SocketTube$InternalReadPublisher$ReadEvent.signalEvent(SocketTube.java:965)
	at java.net.http/jdk.internal.net.http.SocketTube$SocketFlowEvent.handle(SocketTube.java:253)
	at java.net.http/jdk.internal.net.http.HttpClientImpl$SelectorManager.handleEvent(HttpClientImpl.java:1478)
	at java.net.http/jdk.internal.net.http.HttpClientImpl$SelectorManager.lambda$run$3(HttpClientImpl.java:1423)
	at java.base/java.util.ArrayList.forEach(ArrayList.java:1597)
	at java.net.http/jdk.internal.net.http.HttpClientImpl$SelectorManager.run(HttpClientImpl.java:1423)

]]></system-err>
  </testcase>
  <testcase name="Test the banking operations in customer login" classname="Test the functionality of domain demoWebApp" time="10.24">
    <system-out><![CDATA[
Scenario: Test the banking operations in customer login &amp#27;[90m# src/test/resources/Muthu_28MAR205_loginTest.feature:3&amp#27;[0m
  &amp#27;[32mGiven &amp#27;[0m&amp#27;[32mI enter the url of domain&amp#27;[0m                       &amp#27;[90m# stepDefinitions.loginTest.i_enter_the_url_of_domain()&amp#27;[0m
  &amp#27;[32mWhen &amp#27;[0m&amp#27;[32mI enter customer credentials&amp#27;[0m                     &amp#27;[90m# stepDefinitions.loginTest.i_enter_customer_credentials()&amp#27;[0m
Login successful!
  &amp#27;[32mThen &amp#27;[0m&amp#27;[32mI can login domain successfully&amp#27;[0m                  &amp#27;[90m# stepDefinitions.loginTest.i_can_login_domain_successfully()&amp#27;[0m
]]></system-out>
    <system-err><![CDATA[Apr 01, 2025 3:35:53 PM org.openqa.selenium.devtools.CdpVersionFinder findNearestMatch
WARNING: Unable to find an exact match for CDP version 134, returning the closest version; found: 133; Please update to a Selenium version that supports CDP version 134
Apr 01, 2025 3:35:55 PM org.openqa.selenium.devtools.CdpVersionFinder findNearestMatch
WARNING: Unable to find an exact match for CDP version 134, returning the closest version; found: 133; Please update to a Selenium version that supports CDP version 134
]]></system-err>
  </testcase>
  <testcase name="Test the banking operations for Community Poll" classname="Test the functionality of domain demoWebApp" time="9.979">
    <system-out><![CDATA[
Scenario: Test the banking operations for Community Poll &amp#27;[90m# src/test/resources/Muthu_28MAR205_loginTest.feature:8&amp#27;[0m
  &amp#27;[32mGiven &amp#27;[0m&amp#27;[32mI logged into the application&amp#27;[0m                    &amp#27;[90m# stepDefinitions.PollTest.i_logged_into_the_application()&amp#27;[0m
  &amp#27;[32mWhen &amp#27;[0m&amp#27;[32mI have choosen the option for community poll&amp#27;[0m      &amp#27;[90m# stepDefinitions.PollTest.i_have_choosen_the_option_for_community_poll()&amp#27;[0m
  &amp#27;[32mThen &amp#27;[0m&amp#27;[32mI can submit the vote button&amp#27;[0m                      &amp#27;[90m# stepDefinitions.PollTest.i_can_submit_the_vote_button()&amp#27;[0m
]]></system-out>
    <system-err><![CDATA[Apr 01, 2025 3:36:03 PM org.openqa.selenium.devtools.CdpVersionFinder findNearestMatch
WARNING: Unable to find an exact match for CDP version 134, returning the closest version; found: 133; Please update to a Selenium version that supports CDP version 134
]]></system-err>
  </testcase>
  <testcase name="Test the banking operations for Add Cart" classname="Test the functionality of domain demoWebApp" time="7.908">
    <system-out><![CDATA[
Scenario: Test the banking operations for Add Cart &amp#27;[90m# src/test/resources/Muthu_28MAR205_loginTest.feature:13&amp#27;[0m
  &amp#27;[32mGiven &amp#27;[0m&amp#27;[32mProduct should be visible to choose&amp#27;[0m        &amp#27;[90m# stepDefinitions.AddCart.product_should_be_visible_to_choose()&amp#27;[0m
  &amp#27;[32mWhen &amp#27;[0m&amp#27;[32mI have choosen the option to add cart&amp#27;[0m       &amp#27;[90m# stepDefinitions.AddCart.i_have_choosen_the_option_to_add_cart()&amp#27;[0m
added to the cart
  &amp#27;[32mThen &amp#27;[0m&amp#27;[32mI can press the add cart button&amp#27;[0m             &amp#27;[90m# stepDefinitions.AddCart.i_can_press_the_add_cart_button()&amp#27;[0m
]]></system-out>
    <system-err><![CDATA[Apr 01, 2025 3:36:13 PM org.openqa.selenium.devtools.CdpVersionFinder findNearestMatch
WARNING: Unable to find an exact match for CDP version 134, returning the closest version; found: 133; Please update to a Selenium version that supports CDP version 134
]]></system-err>
  </testcase>
</testsuite>