<?xml version="1.0" encoding="UTF-8"?>
<testsuite name="Cucumber" time="358.226" tests="23" skipped="0" failures="2" errors="0" timestamp="2025-04-03T08:28:30.195289200Z">
<testcase classname="Test the functionality of automation bookstore" name="Test the filter  operations in automation bookstore" time="15.82">
<system-out><![CDATA[
Given I enter the url of bookstore..........................................passed
When I search books.........................................................passed
Then I can retrive books successfully.......................................passed
]]></system-out>
</testcase>
<testcase classname="Test the functionality of automation panda" name="Successfully book a room" time="12.467">
<system-out><![CDATA[
Given Open the booking application..........................................passed
When select the room........................................................passed
And select the date.........................................................passed
And Enter the details.......................................................passed
Then Book the ticket........................................................passed
And Confirm the booking.....................................................passed
]]></system-out>
</testcase>
<testcase classname="Site Interaction Testing" name="Verify text box functionality - #1.1" time="34.032">
<system-out><![CDATA[
Given I navigate to the website.............................................passed
When I enter "John Doe" in the name text box................................passed
And I enter "john.doe@example.com" in the email text box....................passed
Then The text boxes should contain the entered values "John Doe" and "john.doe@example.com".passed
]]></system-out>
</testcase>
<testcase classname="Site Interaction Testing" name="Verify text box functionality - #1.2" time="7.301">
<failure type="org.openqa.selenium.NoSuchElementException" message="no such element: Unable to locate element: {&quot;method&quot;:&quot;xpath&quot;,&quot;selector&quot;:&quot;//*[@id=&quot;item-0&quot;]&quot;}
  (Session info: chrome=134.0.6998.178)
For documentation on this error, please visit: https://www.selenium.dev/documentation/webdriver/troubleshooting/errors#no-such-element-exception
Build info: version: '4.29.0', revision: '5fc1ec94cb'
System info: os.name: 'Windows 11', os.arch: 'amd64', os.version: '10.0', java.version: '23.0.2'
Driver info: org.openqa.selenium.chrome.ChromeDriver
Command: [156235dfcff6efe5db3c1c2060d2cf69, findElement {using=xpath, value=//*[@id=&quot;item-0&quot;]}]
Capabilities {acceptInsecureCerts: false, browserName: chrome, browserVersion: 134.0.6998.178, chrome: {chromedriverVersion: 134.0.6998.165 (fd886e2cb29..., userDataDir: C:\Users\11666\AppData\Loca...}, fedcm:accounts: true, goog:chromeOptions: {debuggerAddress: localhost:63295}, networkConnectionEnabled: false, pageLoadStrategy: normal, platformName: windows, proxy: Proxy(), se:cdp: ws://localhost:63295/devtoo..., se:cdpVersion: 134.0.6998.178, setWindowRect: true, strictFileInteractability: false, timeouts: {implicit: 0, pageLoad: 300000, script: 30000}, unhandledPromptBehavior: dismiss and notify, webauthn:extension:credBlob: true, webauthn:extension:largeBlob: true, webauthn:extension:minPinLength: true, webauthn:extension:prf: true, webauthn:virtualAuthenticators: true}
Session ID: 156235dfcff6efe5db3c1c2060d2cf69">
<![CDATA[org.openqa.selenium.NoSuchElementException: no such element: Unable to locate element: {"method":"xpath","selector":"//*[@id="item-0"]"}
  (Session info: chrome=134.0.6998.178)
For documentation on this error, please visit: https://www.selenium.dev/documentation/webdriver/troubleshooting/errors#no-such-element-exception
Build info: version: '4.29.0', revision: '5fc1ec94cb'
System info: os.name: 'Windows 11', os.arch: 'amd64', os.version: '10.0', java.version: '23.0.2'
Driver info: org.openqa.selenium.chrome.ChromeDriver
Command: [156235dfcff6efe5db3c1c2060d2cf69, findElement {using=xpath, value=//*[@id="item-0"]}]
Capabilities {acceptInsecureCerts: false, browserName: chrome, browserVersion: 134.0.6998.178, chrome: {chromedriverVersion: 134.0.6998.165 (fd886e2cb29..., userDataDir: C:\Users\11666\AppData\Loca...}, fedcm:accounts: true, goog:chromeOptions: {debuggerAddress: localhost:63295}, networkConnectionEnabled: false, pageLoadStrategy: normal, platformName: windows, proxy: Proxy(), se:cdp: ws://localhost:63295/devtoo..., se:cdpVersion: 134.0.6998.178, setWindowRect: true, strictFileInteractability: false, timeouts: {implicit: 0, pageLoad: 300000, script: 30000}, unhandledPromptBehavior: dismiss and notify, webauthn:extension:credBlob: true, webauthn:extension:largeBlob: true, webauthn:extension:minPinLength: true, webauthn:extension:prf: true, webauthn:virtualAuthenticators: true}
Session ID: 156235dfcff6efe5db3c1c2060d2cf69
	at java.base/jdk.internal.reflect.DirectConstructorHandleAccessor.newInstance(DirectConstructorHandleAccessor.java:62)
	at java.base/java.lang.reflect.Constructor.newInstanceWithCaller(Constructor.java:501)
	at java.base/java.lang.reflect.Constructor.newInstance(Constructor.java:485)
	at org.openqa.selenium.remote.ErrorCodec.decode(ErrorCodec.java:167)
	at org.openqa.selenium.remote.codec.w3c.W3CHttpResponseCodec.decode(W3CHttpResponseCodec.java:138)
	at org.openqa.selenium.remote.codec.w3c.W3CHttpResponseCodec.decode(W3CHttpResponseCodec.java:50)
	at org.openqa.selenium.remote.HttpCommandExecutor.execute(HttpCommandExecutor.java:215)
	at org.openqa.selenium.remote.service.DriverCommandExecutor.invokeExecute(DriverCommandExecutor.java:216)
	at org.openqa.selenium.remote.service.DriverCommandExecutor.execute(DriverCommandExecutor.java:174)
	at org.openqa.selenium.remote.RemoteWebDriver.execute(RemoteWebDriver.java:545)
	at org.openqa.selenium.remote.ElementLocation$ElementFinder$2.findElement(ElementLocation.java:165)
	at org.openqa.selenium.remote.ElementLocation.findElement(ElementLocation.java:59)
	at org.openqa.selenium.remote.RemoteWebDriver.findElement(RemoteWebDriver.java:368)
	at org.openqa.selenium.remote.RemoteWebDriver.findElement(RemoteWebDriver.java:362)
	at stepDefinitions.demoqasets.i_enter_in_the_name_text_box(demoqasets.java:32)
	at ✽.I enter "Alice Ray" in the name text box(file:///C:/Users/11666/Desktop/BDD_Cucumber_Common_Repo/src/test/resources/Krithika_28MAR2025_Demo_QA.feature:7)
]]>
</failure>
<system-out><![CDATA[
Given I navigate to the website.............................................passed
When I enter "Alice Ray" in the name text box...............................failed
And I enter "alice.ray@gmail.com" in the email text box.....................skipped
Then The text boxes should contain the entered values "Alice Ray" and "alice.ray@gmail.com".skipped
]]></system-out>
</testcase>
<testcase classname="Site Interaction Testing" name="Select a checkbox - #1.1" time="11.693">
<system-out><![CDATA[
Given I navigate to the website.............................................passed
When I select the "Home" checkbox...........................................passed
]]></system-out>
</testcase>
<testcase classname="Site Interaction Testing" name="Verify radio button selection - #1.1" time="21.603">
<system-out><![CDATA[
Given I navigate to the website.............................................passed
When I select the "Yes" radio button........................................passed
Then The "Yes" radio button should be selected..............................passed
]]></system-out>
</testcase>
<testcase classname="Site Interaction Testing" name="Verify radio button selection - #1.2" time="12.319">
<system-out><![CDATA[
Given I navigate to the website.............................................passed
When I select the "Impressive" radio button.................................passed
Then The "Impressive" radio button should be selected.......................passed
]]></system-out>
</testcase>
<testcase classname="Test the functionality of domain login" name="Test the banking operations in customers login" time="18.848">
<system-out><![CDATA[
Given I enter the url of domains............................................passed
When I enter customers credentials..........................................passed
Then I can login domains successfully.......................................passed
]]></system-out>
</testcase>
<testcase classname="Test the functionality of domain login" name="Test the login operations in customer login" time="11.419">
<system-out><![CDATA[
Given I enter the shops login url of domain.................................passed
When I enter customer login credential......................................passed
Then I can login shops successfully.........................................passed
]]></system-out>
</testcase>
<testcase classname="Test the functionality of domain login" name="Test the login operations in customer login" time="12.26">
<system-out><![CDATA[
Given I enter the shop login url of domain..................................passed
When I enter customer login credentials.....................................passed
Then I can login shop successfully..........................................passed
]]></system-out>
</testcase>
<testcase classname="Test the functionality of domain login" name="Test the banking operations in customer login" time="22.241">
<failure type="org.openqa.selenium.ElementClickInterceptedException" message="element click intercepted: Element &lt;li id=&quot;topcartlink&quot;&gt;...&lt;/li&gt; is not clickable at point (844, 9). Other element would receive the click: &lt;div id=&quot;bar-notification&quot; class=&quot;bar-notification success&quot; style=&quot;display: block; opacity: 0.000685233;&quot;&gt;...&lt;/div&gt;
  (Session info: chrome=134.0.6998.178)
Build info: version: '4.29.0', revision: '5fc1ec94cb'
System info: os.name: 'Windows 11', os.arch: 'amd64', os.version: '10.0', java.version: '23.0.2'
Driver info: org.openqa.selenium.chrome.ChromeDriver
Command: [00e5f9318dfe0e98b8588484b1f8d8fd, clickElement {id=f.A68EF18EC8B34A876DBA572B08E19FFD.d.CF6D80E348F52117BE9DE9B5E94649A9.e.54}]
Capabilities {acceptInsecureCerts: false, browserName: chrome, browserVersion: 134.0.6998.178, chrome: {chromedriverVersion: 134.0.6998.165 (fd886e2cb29..., userDataDir: C:\Users\11666\AppData\Loca...}, fedcm:accounts: true, goog:chromeOptions: {debuggerAddress: localhost:64052}, networkConnectionEnabled: false, pageLoadStrategy: normal, platformName: windows, proxy: Proxy(), se:cdp: ws://localhost:64052/devtoo..., se:cdpVersion: 134.0.6998.178, setWindowRect: true, strictFileInteractability: false, timeouts: {implicit: 0, pageLoad: 300000, script: 30000}, unhandledPromptBehavior: dismiss and notify, webauthn:extension:credBlob: true, webauthn:extension:largeBlob: true, webauthn:extension:minPinLength: true, webauthn:extension:prf: true, webauthn:virtualAuthenticators: true}
Element: [[ChromeDriver: chrome on windows (00e5f9318dfe0e98b8588484b1f8d8fd)] -&gt; id: topcartlink]
Session ID: 00e5f9318dfe0e98b8588484b1f8d8fd">
<![CDATA[org.openqa.selenium.ElementClickInterceptedException: element click intercepted: Element <li id="topcartlink">...</li> is not clickable at point (844, 9). Other element would receive the click: <div id="bar-notification" class="bar-notification success" style="display: block; opacity: 0.000685233;">...</div>
  (Session info: chrome=134.0.6998.178)
Build info: version: '4.29.0', revision: '5fc1ec94cb'
System info: os.name: 'Windows 11', os.arch: 'amd64', os.version: '10.0', java.version: '23.0.2'
Driver info: org.openqa.selenium.chrome.ChromeDriver
Command: [00e5f9318dfe0e98b8588484b1f8d8fd, clickElement {id=f.A68EF18EC8B34A876DBA572B08E19FFD.d.CF6D80E348F52117BE9DE9B5E94649A9.e.54}]
Capabilities {acceptInsecureCerts: false, browserName: chrome, browserVersion: 134.0.6998.178, chrome: {chromedriverVersion: 134.0.6998.165 (fd886e2cb29..., userDataDir: C:\Users\11666\AppData\Loca...}, fedcm:accounts: true, goog:chromeOptions: {debuggerAddress: localhost:64052}, networkConnectionEnabled: false, pageLoadStrategy: normal, platformName: windows, proxy: Proxy(), se:cdp: ws://localhost:64052/devtoo..., se:cdpVersion: 134.0.6998.178, setWindowRect: true, strictFileInteractability: false, timeouts: {implicit: 0, pageLoad: 300000, script: 30000}, unhandledPromptBehavior: dismiss and notify, webauthn:extension:credBlob: true, webauthn:extension:largeBlob: true, webauthn:extension:minPinLength: true, webauthn:extension:prf: true, webauthn:virtualAuthenticators: true}
Element: [[ChromeDriver: chrome on windows (00e5f9318dfe0e98b8588484b1f8d8fd)] -> id: topcartlink]
Session ID: 00e5f9318dfe0e98b8588484b1f8d8fd
	at java.base/jdk.internal.reflect.DirectConstructorHandleAccessor.newInstance(DirectConstructorHandleAccessor.java:62)
	at java.base/java.lang.reflect.Constructor.newInstanceWithCaller(Constructor.java:501)
	at java.base/java.lang.reflect.Constructor.newInstance(Constructor.java:485)
	at org.openqa.selenium.remote.ErrorCodec.decode(ErrorCodec.java:167)
	at org.openqa.selenium.remote.codec.w3c.W3CHttpResponseCodec.decode(W3CHttpResponseCodec.java:138)
	at org.openqa.selenium.remote.codec.w3c.W3CHttpResponseCodec.decode(W3CHttpResponseCodec.java:50)
	at org.openqa.selenium.remote.HttpCommandExecutor.execute(HttpCommandExecutor.java:215)
	at org.openqa.selenium.remote.service.DriverCommandExecutor.invokeExecute(DriverCommandExecutor.java:216)
	at org.openqa.selenium.remote.service.DriverCommandExecutor.execute(DriverCommandExecutor.java:174)
	at org.openqa.selenium.remote.RemoteWebDriver.execute(RemoteWebDriver.java:545)
	at org.openqa.selenium.remote.RemoteWebElement.execute(RemoteWebElement.java:223)
	at org.openqa.selenium.remote.RemoteWebElement.click(RemoteWebElement.java:76)
	at stepDefinitions.logintests.i_enter_customer_banking_credentials(logintests.java:81)
	at ✽.I enter customer banking credentials(file:///C:/Users/11666/Desktop/BDD_Cucumber_Common_Repo/src/test/resources/Krithika_28MAR2025_Login_Test.feature:5)
]]>
</failure>
<system-out><![CDATA[
Given I enter the url of banking domains....................................passed
When I enter customer banking credentials...................................failed
Then I can login banking domain successfully................................skipped
]]></system-out>
</testcase>
<testcase classname="Test the functionality of domain login" name="Test the web shop operations in customer login" time="10.67">
<system-out><![CDATA[
Given I enter the registration url of domain................................passed
When I enter new customer credentials.......................................passed
Then I can register domain successfully.....................................passed
]]></system-out>
</testcase>
<testcase classname="Test the functionality of shopping site" name="Adding an item to the cart" time="24.278">
<system-out><![CDATA[
Given I navigate to the shopping page.......................................passed
When I select a product.....................................................passed
And I choose the size, color, and quantity..................................passed
And I add the product to the cart...........................................passed
Then I should be redirected to the shopping cart page.......................passed
]]></system-out>
</testcase>
<testcase classname="Test the functionality to test all demo apps" name="To view all the front end back end apps" time="12.747">
<system-out><![CDATA[
Given The app url should be loaded properly.................................passed
When I navigated the hover..................................................passed
Then I can able to see all the apps.........................................passed
]]></system-out>
</testcase>
<testcase classname="Test the functionality of DemoBlaze" name="Login with valid credentials - #1.1" time="14.577">
<system-out><![CDATA[
Given I navigate to the login page..........................................passed
When I enter username "muthu123" and password "muthu123"....................passed
And I click the login button................................................passed
Then I can able to login....................................................passed
]]></system-out>
</testcase>
<testcase classname="Test the functionality of DemoBlaze" name="Login with valid credentials - #1.2" time="16.501">
<system-out><![CDATA[
Given I navigate to the login page..........................................passed
When I enter username "muthu456" and password "muthu456"....................passed
And I click the login button................................................passed
Then I can able to login....................................................passed
]]></system-out>
</testcase>
<testcase classname="Test the functionality of DemoBlaze" name="Choosing and adding the item into the cart" time="18.876">
<system-out><![CDATA[
Given Should be logged in into the system...................................passed
When I select the item from list............................................passed
And I have to add to the cart...............................................passed
And I have to pay the amount for the item...................................passed
Then I can able to buy the product..........................................passed
]]></system-out>
</testcase>
<testcase classname="Test the functionality of NotebookDropdown" name="Test the banking operations for Dropdown Notebook" time="12.553">
<system-out><![CDATA[
Given Notebook elements should be loaded properly...........................passed
When I have to select the Sort by dropdown..................................passed
And I have to select the Display............................................passed
And I have to select the view as............................................passed
Then I can able to select the dropdown menu.................................passed
]]></system-out>
</testcase>
<testcase classname="Test the functionality of MenuHover" name="Test the banking operations for Hover the menu" time="11.489">
<system-out><![CDATA[
Given Menu items should be loaded properly..................................passed
When I have to hover the menu...............................................passed
Then I can able to select the submenu.......................................passed
]]></system-out>
</testcase>
<testcase classname="Test the functionality of Search book" name="Choosing and adding the item into the cart" time="11.337">
<system-out><![CDATA[
Given The url should be loaded properly.....................................passed
When I enter the book name in the search box................................passed
Then I can able to see the book.............................................passed
]]></system-out>
</testcase>
<testcase classname="Test the functionality of domain demoWebApp" name="Test the banking operations in customer login" time="16.17">
<system-out><![CDATA[
Given I enter the url of domain.............................................passed
When I enter customer credentials...........................................passed
Then I can login domain successfully........................................passed
]]></system-out>
</testcase>
<testcase classname="Test the functionality of domain demoWebApp" name="Test the banking operations for Community Poll" time="14.078">
<system-out><![CDATA[
Given I logged into the application.........................................passed
When I have choosen the option for community poll...........................passed
Then I can submit the vote button...........................................passed
]]></system-out>
</testcase>
<testcase classname="Test the functionality of domain demoWebApp" name="Test the banking operations for Add Cart" time="14.461">
<system-out><![CDATA[
Given Product should be visible to choose...................................passed
When I have choosen the option to add cart..................................passed
Then I can press the add cart button........................................passed
]]></system-out>
</testcase>
</testsuite>
